[08:25:33] [ServerMain/INFO]: Environment: Environment[sessionHost=https://sessionserver.mojang.com, servicesHost=https://api.minecraftservices.com, name=PROD]
[08:25:34] [ServerMain/INFO]: No existing world data, creating new world
[08:25:34] [ServerMain/INFO]: Loaded 1290 recipes
[08:25:35] [ServerMain/INFO]: Loaded 1399 advancements
[08:25:35] [Server thread/INFO]: Starting minecraft server version 1.21
[08:25:35] [Server thread/INFO]: Loading properties
[08:25:35] [Server thread/INFO]: Default game type: SURVIVAL
[08:25:35] [Server thread/INFO]: Generating keypair
[08:25:35] [Server thread/INFO]: Starting Minecraft server on *:25565
[08:25:35] [Server thread/INFO]: Using epoll channel type
[08:25:35] [Server thread/WARN]: **** SERVER IS RUNNING IN OFFLINE/INSECURE MODE!
[08:25:35] [Server thread/WARN]: The server will make no attempt to authenticate usernames. Beware.
[08:25:35] [Server thread/WARN]: While this makes the game possible to play without internet access, it also opens up the ability for hackers to connect with any username they choose.
[08:25:35] [Server thread/WARN]: To change this, set "online-mode" to "true" in the server.properties file.
[08:25:35] [Server thread/INFO]: Preparing level "world"
[08:25:42] [Server thread/INFO]: Preparing start region for dimension minecraft:overworld
[08:25:42] [Worker-Main-1/INFO]: Preparing spawn area: 2%
[08:25:43] [Worker-Main-1/INFO]: Preparing spawn area: 2%
[08:25:43] [Worker-Main-2/INFO]: Preparing spawn area: 2%
[08:25:44] [Worker-Main-2/INFO]: Preparing spawn area: 2%
[08:25:44] [Worker-Main-3/INFO]: Preparing spawn area: 18%
[08:25:45] [Worker-Main-1/INFO]: Preparing spawn area: 18%
[08:25:45] [Worker-Main-2/INFO]: Preparing spawn area: 18%
[08:25:46] [Worker-Main-1/INFO]: Preparing spawn area: 51%
[08:25:46] [Worker-Main-1/INFO]: Preparing spawn area: 51%
[08:25:47] [Worker-Main-2/INFO]: Preparing spawn area: 51%
[08:25:47] [Server thread/INFO]: Time elapsed: 4762 ms
[08:25:47] [Server thread/INFO]: Done (11.763s)! For help, type "help"
